<?xml version="1.0" encoding="UTF-8"?>
<testsuite name="org.example.app.MessageUtilsTest" tests="1" skipped="0" failures="0" errors="0" timestamp="2025-04-23T11:40:09.973Z" hostname="LAPTOP-2UG6DQKI" time="0.025">
  <properties/>
  <testcase name="testGetMessage()" classname="org.example.app.MessageUtilsTest" time="0.025"/>
  <system-out><![CDATA[]]></system-out>
  <system-err><![CDATA[]]></system-err>
</testsuite>
