<?xml version="1.0" encoding="UTF-8"?>
<testsuite name="org.example.list.LinkedListTest" tests="4" skipped="0" failures="0" errors="0" timestamp="2025-04-23T11:40:09.867Z" hostname="LAPTOP-2UG6DQKI" time="0.056">
  <properties/>
  <testcase name="testAdd()" classname="org.example.list.LinkedListTest" time="0.031"/>
  <testcase name="testRemoveMissing()" classname="org.example.list.LinkedListTest" time="0.003"/>
  <testcase name="testRemove()" classname="org.example.list.LinkedListTest" time="0.007"/>
  <testcase name="testConstructor()" classname="org.example.list.LinkedListTest" time="0.005"/>
  <system-out><![CDATA[]]></system-out>
  <system-err><![CDATA[]]></system-err>
</testsuite>
